d:\qxy\cpp\draw2d\draw2d\x64\release\vc142.pdb
d:\qxy\cpp\draw2d\draw2d\x64\release\sample.obj
d:\qxy\cpp\draw2d\draw2d\x64\release\draw2d.obj
d:\qxy\cpp\draw2d\draw2d\x64\release\mesh.obj
d:\qxy\cpp\draw2d\draw2d\x64\release\gameengine.obj
d:\qxy\cpp\draw2d\draw2d\x64\release\containers.obj
d:\qxy\cpp\draw2d\draw2d\x64\release\gameinstance.obj
d:\qxy\cpp\draw2d\draw2d\x64\release\threadtest.obj
d:\qxy\cpp\draw2d\draw2d\x64\release\renderer.obj
d:\qxy\cpp\draw2d\draw2d\x64\release\camera.obj
d:\qxy\cpp\draw2d\x64\release\draw2d.exe
d:\qxy\cpp\draw2d\draw2d\x64\release\draw2d.ipdb
d:\qxy\cpp\draw2d\draw2d\x64\release\draw2d.iobj
d:\qxy\cpp\draw2d\x64\release\draw2d.pdb
d:\qxy\cpp\draw2d\draw2d\x64\release\draw2d.tlog\cl.command.1.tlog
d:\qxy\cpp\draw2d\draw2d\x64\release\draw2d.tlog\cl.read.1.tlog
d:\qxy\cpp\draw2d\draw2d\x64\release\draw2d.tlog\cl.write.1.tlog
d:\qxy\cpp\draw2d\draw2d\x64\release\draw2d.tlog\link.command.1.tlog
d:\qxy\cpp\draw2d\draw2d\x64\release\draw2d.tlog\link.read.1.tlog
d:\qxy\cpp\draw2d\draw2d\x64\release\draw2d.tlog\link.write.1.tlog
